{"C:\\Users\\Luis\\Documents\\Full Stack Projects\\quake_log_parser\\modules\\splitLogLines.js": {"path":"C:\\Users\\Luis\\Documents\\Full Stack Projects\\quake_log_parser\\modules\\splitLogLines.js","statementMap":{"0":{"start":{"line":1,"column":11},"end":{"line":1,"column":24}},"1":{"start":{"line":3,"column":22},"end":{"line":12,"column":1}},"2":{"start":{"line":4,"column":16},"end":{"line":4,"column":52}},"3":{"start":{"line":6,"column":17},"end":{"line":6,"column":36}},"4":{"start":{"line":7,"column":22},"end":{"line":9,"column":4}},"5":{"start":{"line":8,"column":4},"end":{"line":8,"column":20}},"6":{"start":{"line":11,"column":2},"end":{"line":11,"column":22}},"7":{"start":{"line":14,"column":0},"end":{"line":14,"column":42}},"8":{"start":{"line":16,"column":0},"end":{"line":16,"column":30}}},"fnMap":{"0":{"name":"(anonymous_0)","decl":{"start":{"line":3,"column":22},"end":{"line":3,"column":23}},"loc":{"start":{"line":3,"column":42},"end":{"line":12,"column":1}},"line":3},"1":{"name":"(anonymous_1)","decl":{"start":{"line":7,"column":35},"end":{"line":7,"column":36}},"loc":{"start":{"line":7,"column":40},"end":{"line":9,"column":3}},"line":7}},"branchMap":{},"s":{"0":1,"1":1,"2":4,"3":4,"4":4,"5":5336,"6":4,"7":1,"8":1},"f":{"0":4,"1":5336},"b":{},"_coverageSchema":"1a1c01bbd47fc00a2c39e90264f33305004495a9","hash":"3ac0904295634503fd4e3bbd2cbaefc064cbef19"}
}
