{"C:\\Users\\Luis\\Documents\\Full Stack Projects\\quake_log_parser\\modules\\getStartEndPoints.js": {"path":"C:\\Users\\Luis\\Documents\\Full Stack Projects\\quake_log_parser\\modules\\getStartEndPoints.js","statementMap":{"0":{"start":{"line":1,"column":26},"end":{"line":34,"column":1}},"1":{"start":{"line":3,"column":27},"end":{"line":3,"column":29}},"2":{"start":{"line":5,"column":2},"end":{"line":12,"column":3}},"3":{"start":{"line":5,"column":13},"end":{"line":5,"column":14}},"4":{"start":{"line":6,"column":18},"end":{"line":6,"column":34}},"5":{"start":{"line":7,"column":22},"end":{"line":7,"column":43}},"6":{"start":{"line":9,"column":4},"end":{"line":11,"column":5}},"7":{"start":{"line":10,"column":6},"end":{"line":10,"column":32}},"8":{"start":{"line":14,"column":26},"end":{"line":14,"column":28}},"9":{"start":{"line":16,"column":2},"end":{"line":30,"column":3}},"10":{"start":{"line":16,"column":15},"end":{"line":16,"column":16}},"11":{"start":{"line":17,"column":24},"end":{"line":17,"column":26}},"12":{"start":{"line":18,"column":4},"end":{"line":18,"column":45}},"13":{"start":{"line":20,"column":4},"end":{"line":26,"column":5}},"14":{"start":{"line":21,"column":25},"end":{"line":21,"column":49}},"15":{"start":{"line":22,"column":6},"end":{"line":22,"column":37}},"16":{"start":{"line":24,"column":27},"end":{"line":24,"column":52}},"17":{"start":{"line":25,"column":6},"end":{"line":25,"column":39}},"18":{"start":{"line":28,"column":4},"end":{"line":28,"column":41}},"19":{"start":{"line":32,"column":2},"end":{"line":32,"column":26}},"20":{"start":{"line":36,"column":0},"end":{"line":36,"column":34}}},"fnMap":{"0":{"name":"(anonymous_0)","decl":{"start":{"line":1,"column":26},"end":{"line":1,"column":27}},"loc":{"start":{"line":1,"column":49},"end":{"line":34,"column":1}},"line":1}},"branchMap":{"0":{"loc":{"start":{"line":9,"column":4},"end":{"line":11,"column":5}},"type":"if","locations":[{"start":{"line":9,"column":4},"end":{"line":11,"column":5}},{"start":{},"end":{}}],"line":9},"1":{"loc":{"start":{"line":20,"column":4},"end":{"line":26,"column":5}},"type":"if","locations":[{"start":{"line":20,"column":4},"end":{"line":26,"column":5}},{"start":{"line":23,"column":11},"end":{"line":26,"column":5}}],"line":20}},"s":{"0":1,"1":4,"2":4,"3":4,"4":5512,"5":5512,"6":5512,"7":26,"8":4,"9":4,"10":4,"11":26,"12":26,"13":26,"14":4,"15":4,"16":22,"17":22,"18":26,"19":4,"20":1},"f":{"0":4},"b":{"0":[26,5486],"1":[4,22]},"_coverageSchema":"1a1c01bbd47fc00a2c39e90264f33305004495a9","hash":"4122d7c9c4c99824cb3083a27ef950c507eff013"}
,"C:\\Users\\Luis\\Documents\\Full Stack Projects\\quake_log_parser\\modules\\splitLogLines.js": {"path":"C:\\Users\\Luis\\Documents\\Full Stack Projects\\quake_log_parser\\modules\\splitLogLines.js","statementMap":{"0":{"start":{"line":1,"column":11},"end":{"line":1,"column":24}},"1":{"start":{"line":3,"column":22},"end":{"line":12,"column":1}},"2":{"start":{"line":4,"column":16},"end":{"line":4,"column":52}},"3":{"start":{"line":6,"column":17},"end":{"line":6,"column":36}},"4":{"start":{"line":7,"column":22},"end":{"line":9,"column":4}},"5":{"start":{"line":8,"column":4},"end":{"line":8,"column":20}},"6":{"start":{"line":11,"column":2},"end":{"line":11,"column":22}},"7":{"start":{"line":14,"column":0},"end":{"line":14,"column":42}},"8":{"start":{"line":16,"column":0},"end":{"line":16,"column":30}}},"fnMap":{"0":{"name":"(anonymous_0)","decl":{"start":{"line":3,"column":22},"end":{"line":3,"column":23}},"loc":{"start":{"line":3,"column":42},"end":{"line":12,"column":1}},"line":3},"1":{"name":"(anonymous_1)","decl":{"start":{"line":7,"column":35},"end":{"line":7,"column":36}},"loc":{"start":{"line":7,"column":40},"end":{"line":9,"column":3}},"line":7}},"branchMap":{},"s":{"0":2,"1":2,"2":10,"3":10,"4":10,"5":16164,"6":10,"7":2,"8":2},"f":{"0":10,"1":16164},"b":{},"_coverageSchema":"1a1c01bbd47fc00a2c39e90264f33305004495a9","hash":"3ac0904295634503fd4e3bbd2cbaefc064cbef19"}
}
