TN:
SF:modules\getStartEndPoints.js
FN:1,(anonymous_0)
FNF:1
FNH:1
FNDA:4,(anonymous_0)
DA:1,1
DA:3,4
DA:5,4
DA:6,5512
DA:7,5512
DA:9,5512
DA:10,26
DA:14,4
DA:16,4
DA:17,26
DA:18,26
DA:20,26
DA:21,4
DA:22,4
DA:24,22
DA:25,22
DA:28,26
DA:32,4
DA:36,1
LF:19
LH:19
BRDA:9,0,0,26
BRDA:9,0,1,5486
BRDA:20,1,0,4
BRDA:20,1,1,22
BRF:4
BRH:4
end_of_record
TN:
SF:modules\splitLogLines.js
FN:3,(anonymous_0)
FN:7,(anonymous_1)
FNF:2
FNH:2
FNDA:10,(anonymous_0)
FNDA:16164,(anonymous_1)
DA:1,2
DA:3,2
DA:4,10
DA:6,10
DA:7,10
DA:8,16164
DA:11,10
DA:14,2
DA:16,2
LF:9
LH:9
BRF:0
BRH:0
end_of_record
