TN:
SF:modules\clientConnect.js
FN:1,(anonymous_0)
FNF:1
FNH:1
FNDA:111,(anonymous_0)
DA:1,2
DA:3,111
DA:4,111
DA:6,111
DA:7,102
DA:10,9
DA:11,3
DA:14,6
DA:15,6
DA:16,6
DA:20,2
LF:11
LH:11
BRDA:6,0,0,102
BRDA:6,0,1,9
BRDA:10,1,0,3
BRDA:10,1,1,6
BRF:4
BRH:4
end_of_record
TN:
SF:modules\clientUpdate.js
FN:1,(anonymous_0)
FNF:1
FNH:1
FNDA:110,(anonymous_0)
DA:1,2
DA:3,110
DA:4,110
DA:6,110
DA:7,97
DA:10,13
DA:11,13
DA:12,19
DA:15,13
DA:16,13
DA:18,13
DA:19,5
DA:22,8
DA:23,8
DA:27,2
LF:15
LH:15
BRDA:6,0,0,97
BRDA:6,0,1,13
BRDA:18,1,0,5
BRDA:18,1,1,8
BRF:4
BRH:4
end_of_record
TN:
SF:modules\getStartEndPoints.js
FN:1,(anonymous_0)
FNF:1
FNH:1
FNDA:6,(anonymous_0)
DA:1,2
DA:3,6
DA:5,6
DA:6,5620
DA:7,5620
DA:9,5620
DA:10,29
DA:14,6
DA:16,6
DA:17,29
DA:18,29
DA:20,29
DA:21,6
DA:22,6
DA:24,23
DA:25,23
DA:28,29
DA:32,6
DA:36,2
LF:19
LH:19
BRDA:9,0,0,29
BRDA:9,0,1,5591
BRDA:20,1,0,6
BRDA:20,1,1,23
BRF:4
BRH:4
end_of_record
TN:
SF:modules\killCountUpdate.js
FN:1,(anonymous_0)
FNF:1
FNH:1
FNDA:114,(anonymous_0)
DA:1,2
DA:3,114
DA:4,114
DA:5,114
DA:6,114
DA:8,114
DA:9,96
DA:12,18
DA:13,15
DA:15,15
DA:16,12
DA:19,3
DA:20,3
DA:23,3
DA:24,2
DA:25,2
DA:26,2
DA:28,1
DA:29,1
DA:30,1
DA:35,2
LF:21
LH:21
BRDA:8,0,0,96
BRDA:8,0,1,18
BRDA:12,1,0,15
BRDA:12,1,1,3
BRDA:12,2,0,18
BRDA:12,2,1,7
BRDA:15,3,0,12
BRDA:15,3,1,3
BRDA:15,4,0,15
BRDA:15,4,1,4
BRDA:23,5,0,2
BRDA:23,5,1,1
BRF:12
BRH:12
end_of_record
TN:
SF:modules\organizeMatchInfo.js
FN:3,(anonymous_0)
FNF:1
FNH:1
FNDA:9,(anonymous_0)
DA:1,2
DA:3,2
DA:5,9
DA:6,9
DA:8,9
DA:10,9
DA:11,18
DA:13,18
DA:14,5
DA:17,18
DA:21,9
DA:23,9
DA:27,2
LF:13
LH:13
BRDA:13,0,0,5
BRDA:13,0,1,13
BRF:2
BRH:2
end_of_record
TN:
SF:modules\rankPlayers.js
FN:1,(anonymous_0)
FN:13,(anonymous_1)
FNF:2
FNH:2
FNDA:14,(anonymous_0)
FNDA:26,(anonymous_1)
DA:1,3
DA:3,14
DA:4,14
DA:6,14
DA:7,37
DA:8,8
DA:10,29
DA:13,26
DA:15,14
DA:16,29
DA:17,29
DA:18,29
DA:20,29
DA:21,115
DA:22,37
DA:27,14
DA:31,3
LF:17
LH:17
BRDA:7,0,0,8
BRDA:7,0,1,29
BRDA:21,1,0,37
BRDA:21,1,1,78
BRF:4
BRH:4
end_of_record
TN:
SF:modules\readLogLines.js
FN:6,(anonymous_0)
FNF:1
FNH:1
FNDA:2,(anonymous_0)
DA:1,1
DA:2,1
DA:3,1
DA:4,1
DA:6,1
DA:8,2
DA:10,2
DA:12,3
DA:13,3
DA:14,3
DA:15,3
DA:16,3
DA:19,3
DA:20,106
DA:22,106
DA:23,106
DA:24,106
DA:27,3
DA:28,3
DA:32,2
DA:36,1
LF:21
LH:21
BRF:0
BRH:0
end_of_record
TN:
SF:modules\splitLogLines.js
FN:3,(anonymous_0)
FN:7,(anonymous_1)
FNF:2
FNH:2
FNDA:13,(anonymous_0)
FNDA:16282,(anonymous_1)
DA:1,3
DA:3,3
DA:4,13
DA:6,13
DA:7,13
DA:8,16282
DA:11,13
DA:14,3
DA:16,3
LF:9
LH:9
BRF:0
BRH:0
end_of_record
TN:
SF:test_logs\logLines.js
FNF:0
FNH:0
DA:1,2
DA:67,2
LF:2
LH:2
BRF:0
BRH:0
end_of_record
